{"C:\\Users\\Pratik\\Desktop\\Deakin University\\Second Year\\Trimester 2\\Applied Software Engineering\\SIT725\\sit725-2025-t2-prac6\\controllers\\projectController.js": {"path":"C:\\Users\\Pratik\\Desktop\\Deakin University\\Second Year\\Trimester 2\\Applied Software Engineering\\SIT725\\sit725-2025-t2-prac6\\controllers\\projectController.js","statementMap":{"0":{"start":{"line":1,"column":16},"end":{"line":1,"column":44}},"1":{"start":{"line":4,"column":16},"end":{"line":4,"column":46}},"2":{"start":{"line":5,"column":2},"end":{"line":23,"column":3}},"3":{"start":{"line":6,"column":4},"end":{"line":21,"column":7}},"4":{"start":{"line":22,"column":4},"end":{"line":22,"column":44}},"5":{"start":{"line":26,"column":0},"end":{"line":35,"column":2}},"6":{"start":{"line":27,"column":2},"end":{"line":34,"column":3}},"7":{"start":{"line":28,"column":4},"end":{"line":28,"column":27}},"8":{"start":{"line":29,"column":21},"end":{"line":29,"column":62}},"9":{"start":{"line":30,"column":4},"end":{"line":30,"column":70}},"10":{"start":{"line":33,"column":4},"end":{"line":33,"column":71}}},"fnMap":{"0":{"name":"ensureSeedData","decl":{"start":{"line":3,"column":15},"end":{"line":3,"column":29}},"loc":{"start":{"line":3,"column":32},"end":{"line":24,"column":1}},"line":3},"1":{"name":"(anonymous_1)","decl":{"start":{"line":26,"column":17},"end":{"line":26,"column":18}},"loc":{"start":{"line":26,"column":37},"end":{"line":35,"column":1}},"line":26}},"branchMap":{"0":{"loc":{"start":{"line":5,"column":2},"end":{"line":23,"column":3}},"type":"if","locations":[{"start":{"line":5,"column":2},"end":{"line":23,"column":3}},{"start":{},"end":{}}],"line":5}},"s":{"0":1,"1":3,"2":3,"3":1,"4":1,"5":1,"6":3,"7":3,"8":3,"9":2,"10":1},"f":{"0":3,"1":3},"b":{"0":[1,2]},"_coverageSchema":"1a1c01bbd47fc00a2c39e90264f33305004495a9","hash":"8f6420a8def325e8b1e154e51fbf97b1d5346740"}
,"C:\\Users\\Pratik\\Desktop\\Deakin University\\Second Year\\Trimester 2\\Applied Software Engineering\\SIT725\\sit725-2025-t2-prac6\\models\\project.js": {"path":"C:\\Users\\Pratik\\Desktop\\Deakin University\\Second Year\\Trimester 2\\Applied Software Engineering\\SIT725\\sit725-2025-t2-prac6\\models\\project.js","statementMap":{"0":{"start":{"line":1,"column":17},"end":{"line":1,"column":36}},"1":{"start":{"line":3,"column":22},"end":{"line":8,"column":2}},"2":{"start":{"line":10,"column":0},"end":{"line":10,"column":58}}},"fnMap":{},"branchMap":{},"s":{"0":1,"1":1,"2":1},"f":{},"b":{},"_coverageSchema":"1a1c01bbd47fc00a2c39e90264f33305004495a9","hash":"8aace0973c38b291910f2b3c2a12a66d64f1a0a0"}
,"C:\\Users\\Pratik\\Desktop\\Deakin University\\Second Year\\Trimester 2\\Applied Software Engineering\\SIT725\\sit725-2025-t2-prac6\\routes\\projectRoutes.js": {"path":"C:\\Users\\Pratik\\Desktop\\Deakin University\\Second Year\\Trimester 2\\Applied Software Engineering\\SIT725\\sit725-2025-t2-prac6\\routes\\projectRoutes.js","statementMap":{"0":{"start":{"line":1,"column":15},"end":{"line":1,"column":42}},"1":{"start":{"line":2,"column":19},"end":{"line":2,"column":62}},"2":{"start":{"line":4,"column":0},"end":{"line":4,"column":35}},"3":{"start":{"line":6,"column":0},"end":{"line":6,"column":24}}},"fnMap":{},"branchMap":{},"s":{"0":1,"1":1,"2":1,"3":1},"f":{},"b":{},"_coverageSchema":"1a1c01bbd47fc00a2c39e90264f33305004495a9","hash":"3e407dbea3f98fcb11937cfa42722a68814c6094"}
}
